1657537763677	geckodriver	INFO	Listening on 127.0.0.1:54603
1657537766763	mozrunner::runner	INFO	Running command: "C:\\Program Files\\Mozilla Firefox\\firefox.exe" "--marionette" "--remote-debugging-port" "54604" "--remote-allow-hosts" "localhost" "-no-remote" "-profile" "C:\\Users\\Shiva\\AppData\\Local\\Temp\\rust_mozprofileI1PzZ5"
1657537767618	Marionette	INFO	Marionette enabled
1657537767630	Marionette	INFO	Listening on port 54615
WebDriver BiDi listening on ws://localhost:54604
Read port: 54615
1657537767989	RemoteAgent	WARN	TLS certificate errors will be ignored for this session
console.warn: SearchSettings: "get: No settings file exists, new profile?" (new NotFoundError("Could not open the file at C:\\Users\\Shiva\\AppData\\Local\\Temp\\rust_mozprofileI1PzZ5\\search.json.mozlz4", (void 0)))
DevTools listening on ws://localhost:54604/devtools/browser/d7c86157-cd91-40fe-ad9a-7bd1a4942336
JavaScript warning: https://www.trivago.in/FhvvN3H5g8QE93-Js4yKmweesig/3kt5DSGm/aixKAQ/fl/oSZxAlQGw, line 1: WEBGL_debug_renderer_info is deprecated in Firefox and will be removed. Please use RENDERER.
console.warn: LoginRecipes: "getRecipes: falling back to a synchronous message for:" "https://www.trivago.in"
1657537786285	Marionette	INFO	Stopped listening on port 54615
1657537804214	geckodriver	INFO	Listening on 127.0.0.1:54746
1657537807303	mozrunner::runner	INFO	Running command: "C:\\Program Files\\Mozilla Firefox\\firefox.exe" "--marionette" "--remote-debugging-port" "54747" "--remote-allow-hosts" "localhost" "-no-remote" "-profile" "C:\\Users\\Shiva\\AppData\\Local\\Temp\\rust_mozprofileKbBufO"
1657537808069	Marionette	INFO	Marionette enabled
1657537808081	Marionette	INFO	Listening on port 54757
WebDriver BiDi listening on ws://localhost:54747
Read port: 54757
1657537808425	RemoteAgent	WARN	TLS certificate errors will be ignored for this session
console.warn: SearchSettings: "get: No settings file exists, new profile?" (new NotFoundError("Could not open the file at C:\\Users\\Shiva\\AppData\\Local\\Temp\\rust_mozprofileKbBufO\\search.json.mozlz4", (void 0)))
DevTools listening on ws://localhost:54747/devtools/browser/7c5bf653-b752-4e9f-bd0b-cc6f3bb88929
JavaScript warning: https://www.trivago.in/FhvvN3H5g8QE93-Js4yKmweesig/3kt5DSGm/aixKAQ/fl/oSZxAlQGw, line 1: WEBGL_debug_renderer_info is deprecated in Firefox and will be removed. Please use RENDERER.
JavaScript error: resource://gre/actors/SelectChild.jsm, line 288: TypeError: InspectorUtils.setContentState: Argument 1 is not an object.
JavaScript error: , line 0: TypeError: NetworkError when attempting to fetch resource.
1657537830451	Marionette	INFO	Stopped listening on port 54757
